[master 9029937] 提交的时间是: 2020年 09月 29日 星期二 10:42:01 WEST
 1 file changed, 64 deletions(-)
 rewrite auto_git.log (100%)
To https://github.com/Kyokoning/save_page_for_99.git
 ! [rejected]        master -> master (fetch first)
error: failed to push some refs to 'https://github.com/Kyokoning/save_page_for_99.git'
hint: Updates were rejected because the remote contains work that you do
hint: not have locally. This is usually caused by another repository pushing
hint: to the same ref. You may want to first integrate the remote changes
hint: (e.g., 'git pull ...') before pushing again.
hint: See the 'Note about fast-forwards' in 'git push --help' for details.
[master 02ca322] 提交的时间是: 2020年 09月 29日 星期二 10:43:02 WEST
 1 file changed, 11 insertions(+)
To https://github.com/Kyokoning/save_page_for_99.git
 ! [rejected]        master -> master (fetch first)
error: failed to push some refs to 'https://github.com/Kyokoning/save_page_for_99.git'
hint: Updates were rejected because the remote contains work that you do
hint: not have locally. This is usually caused by another repository pushing
hint: to the same ref. You may want to first integrate the remote changes
hint: (e.g., 'git pull ...') before pushing again.
hint: See the 'Note about fast-forwards' in 'git push --help' for details.
[master 87022d2] 提交的时间是: 2020年 09月 29日 星期二 10:44:01 WEST
 1 file changed, 10 insertions(+)
To https://github.com/Kyokoning/save_page_for_99.git
 ! [rejected]        master -> master (fetch first)
error: failed to push some refs to 'https://github.com/Kyokoning/save_page_for_99.git'
hint: Updates were rejected because the remote contains work that you do
hint: not have locally. This is usually caused by another repository pushing
hint: to the same ref. You may want to first integrate the remote changes
hint: (e.g., 'git pull ...') before pushing again.
hint: See the 'Note about fast-forwards' in 'git push --help' for details.
[master 9b61584] 提交的时间是: 2020年 09月 29日 星期二 10:45:01 WEST
 1 file changed, 10 insertions(+)
To https://github.com/Kyokoning/save_page_for_99.git
 ! [rejected]        master -> master (fetch first)
error: failed to push some refs to 'https://github.com/Kyokoning/save_page_for_99.git'
hint: Updates were rejected because the remote contains work that you do
hint: not have locally. This is usually caused by another repository pushing
hint: to the same ref. You may want to first integrate the remote changes
hint: (e.g., 'git pull ...') before pushing again.
hint: See the 'Note about fast-forwards' in 'git push --help' for details.
